==== Building GLFW (debug_x64) ====
==== Building JoltPhysics (debug_x64) ====
==== Building ImGui (debug_x64) ====
==== Building Shaders (debug_x64) ====
==== Building Engine (debug_x64) ====
EngineUi.cpp
../../Source/Runtime/UI/EngineUi.cpp:1: warning: ignoring ‘#pragma execution_character_set ’ [-Wunknown-pragmas]
    1 | #pragma execution_character_set("utf-8")
In file included from ../../Source/Runtime/UI/EngineUi.cpp:30:
../../Source/Runtime/UI/../Renderer/RenderSystem.hpp:26:9: warning: "GLFW_INCLUDE_NONE" redefined
   26 | #define GLFW_INCLUDE_NONE
      |         ^~~~~~~~~~~~~~~~~
In file included from ../../Source/Runtime/UI/../Renderer/RenderUtilities/setup.hpp:4,
                 from ../../Source/Runtime/UI/EngineUi.hpp:3,
                 from ../../Source/Runtime/UI/EngineUi.cpp:3:
../../Source/Runtime/UI/../Renderer/RenderUtilities/../../Rhi/vulkan_window.hpp:8:16: note: this is the location of the previous definition
    8 | #       define GLFW_INCLUDE_NONE 1
      |                ^~~~~~~~~~~~~~~~~
In file included from ../../ThirdParty/flecs-4.1.4/include/flecs/private/../addons/cpp/flecs.hpp:75,
                 from ../../ThirdParty/flecs-4.1.4/include/flecs/private/addons.h:236,
                 from ../../ThirdParty/flecs-4.1.4/include/flecs.h:6419,
                 from ../../Source/Runtime/UI/EngineUi.hpp:5:
../../ThirdParty/flecs-4.1.4/include/flecs/private/../addons/cpp/mixins/meta/decl.hpp:58:35: error: expected unqualified-id before ‘=’ token
   58 | static const flecs::entity_t Bool = ecs_id(ecs_bool_t);
      |                                   ^
../../ThirdParty/flecs-4.1.4/include/flecs/private/../addons/cpp/mixins/meta/decl.hpp:92:36: error: expected unqualified-id before ‘=’ token
   92 | static const primitive_kind_t Bool = EcsBool;
      |                                    ^
../../Source/Runtime/UI/../Renderer/RenderSystem.hpp: In member function ‘virtual void engine::RenderSystem::Update(float)’:
../../Source/Runtime/UI/../Renderer/RenderSystem.hpp:914:40: warning: unused variable ‘lastSelectedId’ [-Wunused-variable]
  914 |                 static flecs::entity_t lastSelectedId = 0;
      |                                        ^~~~~~~~~~~~~~
../../Source/Runtime/UI/../Renderer/RenderSystem.hpp:915:33: warning: unused variable ‘originalMaterialIdx’ [-Wunused-variable]
  915 |                 static uint32_t originalMaterialIdx = 0;
      |                                 ^~~~~~~~~~~~~~~~~~~
../../Source/Runtime/UI/../Renderer/RenderSystem.hpp:1334:30: warning: unused variable ‘resolveLayout’ [-Wunused-variable]
 1334 |             VkPipelineLayout resolveLayout = mPostPipeLayout.handle;
      |                              ^~~~~~~~~~~~~
../../Source/Runtime/UI/EngineUi.cpp: In static member function ‘static void engine::EngineUi::DrawSceneViewport(VkDescriptorSet, engine::RenderSystem*, engine::SceneManager*, const glm::mat4&, const glm::mat4&, flecs::entity_t&, UserState&)’:
../../Source/Runtime/UI/EngineUi.cpp:488:43: warning: comparison of integer expressions of different signedness: ‘int’ and ‘std::vector<std::unique_ptr<ParticleSystem> >::size_type’ {aka ‘long unsigned int’} [-Wsign-compare]
  488 |                         for (int i = 0; i < particles.size(); ++i) {
      |                                         ~~^~~~~~~~~~~~~~~~~~
../../Source/Runtime/UI/EngineUi.cpp:562:120: warning: comparison of integer expressions of different signedness: ‘int’ and ‘std::vector<std::unique_ptr<ParticleSystem> >::size_type’ {aka ‘long unsigned int’} [-Wsign-compare]
  562 |                 if (renderSys && state.particlesEnabled && state.activeParticleIndex >= 0 && state.activeParticleIndex < renderSys->GetParticles().size()) {
      |                                                                                              ~~~~~~~~~~~~~~~~~~~~~~~~~~^~~~~~~~~~~~~~~~~~~~~~~~~~~~~~~~~~
../../Source/Runtime/UI/EngineUi.cpp: In static member function ‘static void engine::EngineUi::DrawControlPanel(UserState&, engine::RenderSystem*, engine::SceneManager*)’:
../../Source/Runtime/UI/EngineUi.cpp:794:43: warning: format not a string literal and no format arguments [-Wformat-security]
  794 |                         ImGui::TextColored(ImVec4(0.4f, 0.8f, 1.0f, 1.0f), _SL("[ Performance ]"));
      |                         ~~~~~~~~~~~~~~~~~~^~~~~~~~~~~~~~~~~~~~~~~~~~~~~~~~~~~~~~~~~~~~~~~~~~~~~~~~
../../Source/Runtime/UI/EngineUi.cpp:809:43: warning: format not a string literal and no format arguments [-Wformat-security]
  809 |                         ImGui::TextColored(ImVec4(0.4f, 0.8f, 1.0f, 1.0f), _SL("[ generator ]"));
      |                         ~~~~~~~~~~~~~~~~~~^~~~~~~~~~~~~~~~~~~~~~~~~~~~~~~~~~~~~~~~~~~~~~~~~~~~~~
../../Source/Runtime/UI/EngineUi.cpp:855:43: warning: format not a string literal and no format arguments [-Wformat-security]
  855 |                         ImGui::TextColored(ImVec4(1.0f, 0.6f, 0.2f, 1.0f), _SL("[ Particle Editor ]"));
      |                         ~~~~~~~~~~~~~~~~~~^~~~~~~~~~~~~~~~~~~~~~~~~~~~~~~~~~~~~~~~~~~~~~~~~~~~~~~~~~~~
../../Source/Runtime/UI/EngineUi.cpp:876:62: warning: comparison of integer expressions of different signedness: ‘int’ and ‘std::vector<std::unique_ptr<ParticleSystem> >::size_type’ {aka ‘long unsigned int’} [-Wsign-compare]
  876 |                                         if (selectedParticle >= particles.size()) selectedParticle = (int)particles.size() - 1;
      |                                             ~~~~~~~~~~~~~~~~~^~~~~~~~~~~~~~~~~~~
../../Source/Runtime/UI/EngineUi.cpp:882:67: warning: comparison of integer expressions of different signedness: ‘int’ and ‘std::vector<std::unique_ptr<ParticleSystem> >::size_type’ {aka ‘long unsigned int’} [-Wsign-compare]
  882 |                                                 for (int i = 0; i < particles.size(); ++i)
      |                                                                 ~~^~~~~~~~~~~~~~~~~~
../../Source/Runtime/UI/EngineUi.cpp:970:76: warning: format not a string literal and no format arguments [-Wformat-security]
  970 |                                                         ImGui::TextDisabled(_SL("Select Texture"));
      |                                                         ~~~~~~~~~~~~~~~~~~~^~~~~~~~~~~~~~~~~~~~~~~
../../Source/Runtime/UI/EngineUi.cpp:976:75: warning: comparison of integer expressions of different signedness: ‘int’ and ‘std::vector<std::__cxx11::basic_string<char>, std::allocator<std::__cxx11::basic_string<char> > >::size_type’ {aka ‘long unsigned int’} [-Wsign-compare]
  976 |                                                         for (int i = 0; i < texNames.size(); ++i)
      |                                                                         ~~^~~~~~~~~~~~~~~~~
../../Source/Runtime/UI/EngineUi.cpp:1003:99: warning: comparison of integer expressions of different signedness: ‘int’ and ‘std::vector<std::__cxx11::basic_string<char>, std::allocator<std::__cxx11::basic_string<char> > >::size_type’ {aka ‘long unsigned int’} [-Wsign-compare]
 1003 |                                                                         if ((i + 1) % 4 != 0 && i != texNames.size() - 1) {
      |                                                                                                 ~~^~~~~~~~~~~~~~~~~~~~~~
../../Source/Runtime/UI/EngineUi.cpp: In static member function ‘static void engine::EngineUi::DrawSceneHierarchy(engine::RenderSystem*, engine::SceneManager*, const glm::mat4&, const glm::mat4&, flecs::entity_t&, UserState&)’:
../../Source/Runtime/UI/EngineUi.cpp:1178:68: warning: format not a string literal and no format arguments [-Wformat-security]
 1178 |                                                         ImGui::Text(_SL("Position (XYZ)"));
      |                                                         ~~~~~~~~~~~^~~~~~~~~~~~~~~~~~~~~~~
../../Source/Runtime/UI/EngineUi.cpp:1181:68: warning: format not a string literal and no format arguments [-Wformat-security]
 1181 |                                                         ImGui::Text(_SL("Rotation (Pitch Yaw Roll)"));
      |                                                         ~~~~~~~~~~~^~~~~~~~~~~~~~~~~~~~~~~~~~~~~~~~~~
../../Source/Runtime/UI/EngineUi.cpp:1184:68: warning: format not a string literal and no format arguments [-Wformat-security]
 1184 |                                                         ImGui::Text(_SL("Scale (XYZ)"));
      |                                                         ~~~~~~~~~~~^~~~~~~~~~~~~~~~~~~~
../../Source/Runtime/UI/EngineUi.cpp:1051:23: warning: unused variable ‘screenHeight’ [-Wunused-variable]
 1051 |                 float screenHeight = ImGui::GetIO().DisplaySize.y;
      |                       ^~~~~~~~~~~~
../../Source/Runtime/UI/EngineUi.cpp: In static member function ‘static void engine::EngineUi::DrawMainMenu(engine::RenderSystem*, bool&, bool&)’:
../../Source/Runtime/UI/EngineUi.cpp:1360:43: warning: format not a string literal and no format arguments [-Wformat-security]
 1360 |                         ImGui::TextColored(ImVec4(1.0f, 0.6f, 0.2f, 1.0f), _SL("[ MAIN MENU ]"));
      |                         ~~~~~~~~~~~~~~~~~~^~~~~~~~~~~~~~~~~~~~~~~~~~~~~~~~~~~~~~~~~~~~~~~~~~~~~~
../../Source/Runtime/UI/EngineUi.cpp: In static member function ‘static void engine::EngineUi::DrawGamePause(engine::RenderSystem*, UserState&, bool&)’:
../../Source/Runtime/UI/EngineUi.cpp:1447:43: warning: format not a string literal and no format arguments [-Wformat-security]
 1447 |                         ImGui::TextColored(ImVec4(1, 0, 0, 1), _SL("Pause"));
      |                         ~~~~~~~~~~~~~~~~~~^~~~~~~~~~~~~~~~~~~~~~~~~~~~~~~~~~
../../Source/Runtime/UI/EngineUi.cpp: In static member function ‘static void engine::EngineUi::DrawGameOver(engine::RenderSystem*, UserState&, bool&)’:
../../Source/Runtime/UI/EngineUi.cpp:1539:43: warning: format not a string literal and no format arguments [-Wformat-security]
 1539 |                         ImGui::TextColored(ImVec4(1, 0, 0, 1), _SL("   GAME OVER"));
      |                         ~~~~~~~~~~~~~~~~~~^~~~~~~~~~~~~~~~~~~~~~~~~~~~~~~~~~~~~~~~~
make[1]: *** [Engine.make:312: ../Obj/Engine/Debug-x64/EngineUi.o] Error 1
make: *** [Makefile:56: Engine] Error 2
