d:\csc\groupengine1.0\rafaels-bikers-game-engine-charani\intermediate\obj\joltphysics\debug-x64\computesystemvkwithallocator.obj
d:\csc\groupengine1.0\rafaels-bikers-game-engine-charani\intermediate\obj\joltphysics\debug-x64\indexify.obj
d:\csc\groupengine1.0\rafaels-bikers-game-engine-charani\intermediate\obj\joltphysics\debug-x64\collideconvexvstriangles.obj
d:\csc\groupengine1.0\rafaels-bikers-game-engine-charani\intermediate\obj\joltphysics\debug-x64\shape.obj
d:\csc\groupengine1.0\rafaels-bikers-game-engine-charani\intermediate\obj\joltphysics\debug-x64\sliderconstraint.obj
d:\csc\groupengine1.0\rafaels-bikers-game-engine-charani\intermediate\obj\joltphysics\debug-x64\vehicletransmission.obj
d:\csc\groupengine1.0\rafaels-bikers-game-engine-charani\intermediate\obj\joltphysics\debug-x64\trianglesplitter.obj
d:\csc\groupengine1.0\rafaels-bikers-game-engine-charani\intermediate\obj\joltphysics\debug-x64\computesystemdx12impl.obj
d:\csc\groupengine1.0\rafaels-bikers-game-engine-charani\intermediate\obj\joltphysics\debug-x64\objectstreambinaryout.obj
d:\csc\groupengine1.0\rafaels-bikers-game-engine-charani\intermediate\obj\joltphysics\debug-x64\castspherevstriangles.obj
d:\csc\groupengine1.0\rafaels-bikers-game-engine-charani\intermediate\obj\joltphysics\debug-x64\meshshape.obj
d:\csc\groupengine1.0\rafaels-bikers-game-engine-charani\intermediate\obj\joltphysics\debug-x64\largeislandsplitter.obj
d:\csc\groupengine1.0\rafaels-bikers-game-engine-charani\intermediate\obj\joltphysics\debug-x64\debugrenderer.obj
d:\csc\groupengine1.0\rafaels-bikers-game-engine-charani\intermediate\obj\joltphysics\debug-x64\color.obj
d:\csc\groupengine1.0\rafaels-bikers-game-engine-charani\intermediate\obj\joltphysics\debug-x64\orientedbox.obj
d:\csc\groupengine1.0\rafaels-bikers-game-engine-charani\intermediate\obj\joltphysics\debug-x64\quadtree.obj
d:\csc\groupengine1.0\rafaels-bikers-game-engine-charani\intermediate\obj\joltphysics\debug-x64\taperedcylindershape.obj
d:\csc\groupengine1.0\rafaels-bikers-game-engine-charani\intermediate\obj\joltphysics\debug-x64\twobodyconstraint.obj
d:\csc\groupengine1.0\rafaels-bikers-game-engine-charani\intermediate\obj\joltphysics\debug-x64\wheel.obj
d:\csc\groupengine1.0\rafaels-bikers-game-engine-charani\intermediate\obj\joltphysics\debug-x64\memory.obj
d:\csc\groupengine1.0\rafaels-bikers-game-engine-charani\intermediate\obj\joltphysics\debug-x64\convexhullbuilder2d.obj
d:\csc\groupengine1.0\rafaels-bikers-game-engine-charani\intermediate\obj\joltphysics\debug-x64\characterbase.obj
d:\csc\groupengine1.0\rafaels-bikers-game-engine-charani\intermediate\obj\joltphysics\debug-x64\convexhullshape.obj
d:\csc\groupengine1.0\rafaels-bikers-game-engine-charani\intermediate\obj\joltphysics\debug-x64\hingeconstraint.obj
d:\csc\groupengine1.0\rafaels-bikers-game-engine-charani\intermediate\obj\joltphysics\debug-x64\motorcyclecontroller.obj
d:\csc\groupengine1.0\rafaels-bikers-game-engine-charani\intermediate\obj\joltphysics\debug-x64\aabbtreebuilder.obj
d:\csc\groupengine1.0\rafaels-bikers-game-engine-charani\intermediate\obj\joltphysics\debug-x64\bodyinterface.obj
d:\csc\groupengine1.0\rafaels-bikers-game-engine-charani\intermediate\obj\joltphysics\debug-x64\physicsmaterial.obj
d:\csc\groupengine1.0\rafaels-bikers-game-engine-charani\intermediate\obj\joltphysics\debug-x64\transformedshape.obj
d:\csc\groupengine1.0\rafaels-bikers-game-engine-charani\intermediate\obj\joltphysics\debug-x64\hair.obj
d:\csc\groupengine1.0\rafaels-bikers-game-engine-charani\intermediate\obj\joltphysics\debug-x64\debugrendererplayback.obj
d:\csc\groupengine1.0\rafaels-bikers-game-engine-charani\intermediate\obj\joltphysics\debug-x64\issuereporting.obj
d:\csc\groupengine1.0\rafaels-bikers-game-engine-charani\intermediate\obj\joltphysics\debug-x64\convexhullbuilder.obj
d:\csc\groupengine1.0\rafaels-bikers-game-engine-charani\intermediate\obj\joltphysics\debug-x64\collidespherevstriangles.obj
d:\csc\groupengine1.0\rafaels-bikers-game-engine-charani\intermediate\obj\joltphysics\debug-x64\mutablecompoundshape.obj
d:\csc\groupengine1.0\rafaels-bikers-game-engine-charani\intermediate\obj\joltphysics\debug-x64\sixdofconstraint.obj
d:\csc\groupengine1.0\rafaels-bikers-game-engine-charani\intermediate\obj\joltphysics\debug-x64\vehicledifferential.obj
d:\csc\groupengine1.0\rafaels-bikers-game-engine-charani\intermediate\obj\joltphysics\debug-x64\skeletonpose.obj
d:\csc\groupengine1.0\rafaels-bikers-game-engine-charani\intermediate\obj\joltphysics\debug-x64\computesystemcpu.obj
d:\csc\groupengine1.0\rafaels-bikers-game-engine-charani\intermediate\obj\joltphysics\debug-x64\rtti.obj
d:\csc\groupengine1.0\rafaels-bikers-game-engine-charani\intermediate\obj\joltphysics\debug-x64\character.obj
d:\csc\groupengine1.0\rafaels-bikers-game-engine-charani\intermediate\obj\joltphysics\debug-x64\scaledshape.obj
d:\csc\groupengine1.0\rafaels-bikers-game-engine-charani\intermediate\obj\joltphysics\debug-x64\pointconstraint.obj
d:\csc\groupengine1.0\rafaels-bikers-game-engine-charani\intermediate\obj\joltphysics\debug-x64\vehicleantirollbar.obj
d:\csc\groupengine1.0\rafaels-bikers-game-engine-charani\intermediate\obj\joltphysics\debug-x64\skeletalanimation.obj
d:\csc\groupengine1.0\rafaels-bikers-game-engine-charani\intermediate\obj\joltphysics\debug-x64\computequeuedx12.obj
d:\csc\groupengine1.0\rafaels-bikers-game-engine-charani\intermediate\obj\joltphysics\debug-x64\stringtools.obj
d:\csc\groupengine1.0\rafaels-bikers-game-engine-charani\intermediate\obj\joltphysics\debug-x64\broadphasequadtree.obj
d:\csc\groupengine1.0\rafaels-bikers-game-engine-charani\intermediate\obj\joltphysics\debug-x64\sphereshape.obj
d:\csc\groupengine1.0\rafaels-bikers-game-engine-charani\intermediate\obj\joltphysics\debug-x64\pulleyconstraint.obj
d:\csc\groupengine1.0\rafaels-bikers-game-engine-charani\intermediate\obj\joltphysics\debug-x64\vehicleconstraint.obj
d:\csc\groupengine1.0\rafaels-bikers-game-engine-charani\intermediate\obj\joltphysics\debug-x64\computebuffervk.obj
d:\csc\groupengine1.0\rafaels-bikers-game-engine-charani\intermediate\obj\joltphysics\debug-x64\vec3.obj
d:\csc\groupengine1.0\rafaels-bikers-game-engine-charani\intermediate\obj\joltphysics\debug-x64\castconvexvstriangles.obj
d:\csc\groupengine1.0\rafaels-bikers-game-engine-charani\intermediate\obj\joltphysics\debug-x64\rotatedtranslatedshape.obj
d:\csc\groupengine1.0\rafaels-bikers-game-engine-charani\intermediate\obj\joltphysics\debug-x64\pathconstraintpath.obj
d:\csc\groupengine1.0\rafaels-bikers-game-engine-charani\intermediate\obj\joltphysics\debug-x64\softbodycreationsettings.obj
d:\csc\groupengine1.0\rafaels-bikers-game-engine-charani\intermediate\obj\joltphysics\debug-x64\testcomputewrapper.obj
d:\csc\groupengine1.0\rafaels-bikers-game-engine-charani\intermediate\obj\joltphysics\debug-x64\computebuffercpu.obj
d:\csc\groupengine1.0\rafaels-bikers-game-engine-charani\intermediate\obj\joltphysics\debug-x64\objectstreamin.obj
d:\csc\groupengine1.0\rafaels-bikers-game-engine-charani\intermediate\obj\joltphysics\debug-x64\charactervirtual.obj
d:\csc\groupengine1.0\rafaels-bikers-game-engine-charani\intermediate\obj\joltphysics\debug-x64\constraint.obj
d:\csc\groupengine1.0\rafaels-bikers-game-engine-charani\intermediate\obj\joltphysics\debug-x64\hairshaders.obj
d:\csc\groupengine1.0\rafaels-bikers-game-engine-charani\intermediate\obj\joltphysics\debug-x64\vehicletrack.obj
d:\csc\groupengine1.0\rafaels-bikers-game-engine-charani\intermediate\obj\joltphysics\debug-x64\trianglesplittermean.obj
d:\csc\groupengine1.0\rafaels-bikers-game-engine-charani\intermediate\obj\joltphysics\debug-x64\jobsystemthreadpool.obj
d:\csc\groupengine1.0\rafaels-bikers-game-engine-charani\intermediate\obj\joltphysics\debug-x64\massproperties.obj
d:\csc\groupengine1.0\rafaels-bikers-game-engine-charani\intermediate\obj\joltphysics\debug-x64\boxshape.obj
d:\csc\groupengine1.0\rafaels-bikers-game-engine-charani\intermediate\obj\joltphysics\debug-x64\constraintmanager.obj
d:\csc\groupengine1.0\rafaels-bikers-game-engine-charani\intermediate\obj\joltphysics\debug-x64\physicsscene.obj
d:\csc\groupengine1.0\rafaels-bikers-game-engine-charani\intermediate\obj\joltphysics\debug-x64\debugrendererrecorder.obj
d:\csc\groupengine1.0\rafaels-bikers-game-engine-charani\intermediate\obj\joltphysics\debug-x64\computebufferdx12.obj
d:\csc\groupengine1.0\rafaels-bikers-game-engine-charani\intermediate\obj\joltphysics\debug-x64\semaphore.obj
d:\csc\groupengine1.0\rafaels-bikers-game-engine-charani\intermediate\obj\joltphysics\debug-x64\estimatecollisionresponse.obj
d:\csc\groupengine1.0\rafaels-bikers-game-engine-charani\intermediate\obj\joltphysics\debug-x64\planeshape.obj
d:\csc\groupengine1.0\rafaels-bikers-game-engine-charani\intermediate\obj\joltphysics\debug-x64\rackandpinionconstraint.obj
d:\csc\groupengine1.0\rafaels-bikers-game-engine-charani\intermediate\obj\joltphysics\debug-x64\vehiclecontroller.obj
d:\csc\groupengine1.0\rafaels-bikers-game-engine-charani\intermediate\obj\joltphysics\debug-x64\skeletonmapper.obj
d:\csc\groupengine1.0\rafaels-bikers-game-engine-charani\intermediate\obj\joltphysics\debug-x64\profiler.obj
d:\csc\groupengine1.0\rafaels-bikers-game-engine-charani\intermediate\obj\joltphysics\debug-x64\motionproperties.obj
d:\csc\groupengine1.0\rafaels-bikers-game-engine-charani\intermediate\obj\joltphysics\debug-x64\compoundshape.obj
d:\csc\groupengine1.0\rafaels-bikers-game-engine-charani\intermediate\obj\joltphysics\debug-x64\distanceconstraint.obj
d:\csc\groupengine1.0\rafaels-bikers-game-engine-charani\intermediate\obj\joltphysics\debug-x64\physicsupdatecontext.obj
d:\csc\groupengine1.0\rafaels-bikers-game-engine-charani\intermediate\obj\joltphysics\debug-x64\debugrenderersimple.obj
d:\csc\groupengine1.0\rafaels-bikers-game-engine-charani\intermediate\obj\joltphysics\debug-x64\computesystemdx12.obj
d:\csc\groupengine1.0\rafaels-bikers-game-engine-charani\intermediate\obj\joltphysics\debug-x64\objectstream.obj
d:\csc\groupengine1.0\rafaels-bikers-game-engine-charani\intermediate\obj\joltphysics\debug-x64\broadphasebruteforce.obj
d:\csc\groupengine1.0\rafaels-bikers-game-engine-charani\intermediate\obj\joltphysics\debug-x64\offsetcenterofmassshape.obj
d:\csc\groupengine1.0\rafaels-bikers-game-engine-charani\intermediate\obj\joltphysics\debug-x64\motorsettings.obj
d:\csc\groupengine1.0\rafaels-bikers-game-engine-charani\intermediate\obj\joltphysics\debug-x64\ragdoll.obj
d:\csc\groupengine1.0\rafaels-bikers-game-engine-charani\intermediate\obj\joltphysics\debug-x64\computesystemvk.obj
d:\csc\groupengine1.0\rafaels-bikers-game-engine-charani\intermediate\obj\joltphysics\debug-x64\objectstreamtextout.obj
d:\csc\groupengine1.0\rafaels-bikers-game-engine-charani\intermediate\obj\joltphysics\debug-x64\collisiondispatch.obj
d:\csc\groupengine1.0\rafaels-bikers-game-engine-charani\intermediate\obj\joltphysics\debug-x64\cylindershape.obj
d:\csc\groupengine1.0\rafaels-bikers-game-engine-charani\intermediate\obj\joltphysics\debug-x64\pathconstraint.obj
d:\csc\groupengine1.0\rafaels-bikers-game-engine-charani\intermediate\obj\joltphysics\debug-x64\softbodysharedsettings.obj
d:\csc\groupengine1.0\rafaels-bikers-game-engine-charani\intermediate\obj\joltphysics\debug-x64\factory.obj
d:\csc\groupengine1.0\rafaels-bikers-game-engine-charani\intermediate\obj\joltphysics\debug-x64\serializableobject.obj
d:\csc\groupengine1.0\rafaels-bikers-game-engine-charani\intermediate\obj\joltphysics\debug-x64\groupfilter.obj
d:\csc\groupengine1.0\rafaels-bikers-game-engine-charani\intermediate\obj\joltphysics\debug-x64\heightfieldshape.obj
d:\csc\groupengine1.0\rafaels-bikers-game-engine-charani\intermediate\obj\joltphysics\debug-x64\springsettings.obj
d:\csc\groupengine1.0\rafaels-bikers-game-engine-charani\intermediate\obj\joltphysics\debug-x64\vehiclecollisiontester.obj
d:\csc\groupengine1.0\rafaels-bikers-game-engine-charani\intermediate\obj\joltphysics\debug-x64\computeshadervk.obj
d:\csc\groupengine1.0\rafaels-bikers-game-engine-charani\intermediate\obj\joltphysics\debug-x64\objectstreamtextin.obj
d:\csc\groupengine1.0\rafaels-bikers-game-engine-charani\intermediate\obj\joltphysics\debug-x64\collisiongroup.obj
d:\csc\groupengine1.0\rafaels-bikers-game-engine-charani\intermediate\obj\joltphysics\debug-x64\emptyshape.obj
d:\csc\groupengine1.0\rafaels-bikers-game-engine-charani\intermediate\obj\joltphysics\debug-x64\gearconstraint.obj
d:\csc\groupengine1.0\rafaels-bikers-game-engine-charani\intermediate\obj\joltphysics\debug-x64\softbodymotionproperties.obj
d:\csc\groupengine1.0\rafaels-bikers-game-engine-charani\intermediate\obj\joltphysics\debug-x64\jobsystemsinglethreaded.obj
d:\csc\groupengine1.0\rafaels-bikers-game-engine-charani\intermediate\obj\joltphysics\debug-x64\bodymanager.obj
d:\csc\groupengine1.0\rafaels-bikers-game-engine-charani\intermediate\obj\joltphysics\debug-x64\capsuleshape.obj
d:\csc\groupengine1.0\rafaels-bikers-game-engine-charani\intermediate\obj\joltphysics\debug-x64\contactconstraintmanager.obj
d:\csc\groupengine1.0\rafaels-bikers-game-engine-charani\intermediate\obj\joltphysics\debug-x64\physicssystem.obj
d:\csc\groupengine1.0\rafaels-bikers-game-engine-charani\intermediate\obj\joltphysics\debug-x64\computesystem.obj
d:\csc\groupengine1.0\rafaels-bikers-game-engine-charani\intermediate\obj\joltphysics\debug-x64\bodycreationsettings.obj
d:\csc\groupengine1.0\rafaels-bikers-game-engine-charani\intermediate\obj\joltphysics\debug-x64\narrowphasestats.obj
d:\csc\groupengine1.0\rafaels-bikers-game-engine-charani\intermediate\obj\joltphysics\debug-x64\staticcompoundshape.obj
d:\csc\groupengine1.0\rafaels-bikers-game-engine-charani\intermediate\obj\joltphysics\debug-x64\determinismlog.obj
d:\csc\groupengine1.0\rafaels-bikers-game-engine-charani\intermediate\obj\joltphysics\debug-x64\trackedvehiclecontroller.obj
d:\csc\groupengine1.0\rafaels-bikers-game-engine-charani\intermediate\obj\joltphysics\debug-x64\linearcurve.obj
d:\csc\groupengine1.0\rafaels-bikers-game-engine-charani\intermediate\obj\joltphysics\debug-x64\typedeclarations.obj
d:\csc\groupengine1.0\rafaels-bikers-game-engine-charani\intermediate\obj\joltphysics\debug-x64\narrowphasequery.obj
d:\csc\groupengine1.0\rafaels-bikers-game-engine-charani\intermediate\obj\joltphysics\debug-x64\triangleshape.obj
d:\csc\groupengine1.0\rafaels-bikers-game-engine-charani\intermediate\obj\joltphysics\debug-x64\hairsettings.obj
d:\csc\groupengine1.0\rafaels-bikers-game-engine-charani\intermediate\obj\joltphysics\debug-x64\registertypes.obj
d:\csc\groupengine1.0\rafaels-bikers-game-engine-charani\intermediate\obj\joltphysics\debug-x64\computesystemvkimpl.obj
d:\csc\groupengine1.0\rafaels-bikers-game-engine-charani\intermediate\obj\joltphysics\debug-x64\objectstreamout.obj
d:\csc\groupengine1.0\rafaels-bikers-game-engine-charani\intermediate\obj\joltphysics\debug-x64\manifoldbetweentwofaces.obj
d:\csc\groupengine1.0\rafaels-bikers-game-engine-charani\intermediate\obj\joltphysics\debug-x64\taperedcapsuleshape.obj
d:\csc\groupengine1.0\rafaels-bikers-game-engine-charani\intermediate\obj\joltphysics\debug-x64\swingtwistconstraint.obj
d:\csc\groupengine1.0\rafaels-bikers-game-engine-charani\intermediate\obj\joltphysics\debug-x64\vehicleengine.obj
d:\csc\groupengine1.0\rafaels-bikers-game-engine-charani\intermediate\obj\joltphysics\debug-x64\trianglesplitterbinning.obj
d:\csc\groupengine1.0\rafaels-bikers-game-engine-charani\intermediate\obj\joltphysics\debug-x64\computequeuecpu.obj
d:\csc\groupengine1.0\rafaels-bikers-game-engine-charani\intermediate\obj\joltphysics\debug-x64\body.obj
d:\csc\groupengine1.0\rafaels-bikers-game-engine-charani\intermediate\obj\joltphysics\debug-x64\physicsmaterialsimple.obj
d:\csc\groupengine1.0\rafaels-bikers-game-engine-charani\intermediate\obj\joltphysics\debug-x64\coneconstraint.obj
d:\csc\groupengine1.0\rafaels-bikers-game-engine-charani\intermediate\obj\joltphysics\debug-x64\islandbuilder.obj
d:\csc\groupengine1.0\rafaels-bikers-game-engine-charani\intermediate\obj\joltphysics\debug-x64\wheeledvehiclecontroller.obj
d:\csc\groupengine1.0\rafaels-bikers-game-engine-charani\intermediate\obj\joltphysics\debug-x64\computequeuevk.obj
d:\csc\groupengine1.0\rafaels-bikers-game-engine-charani\intermediate\obj\joltphysics\debug-x64\tickcounter.obj
d:\csc\groupengine1.0\rafaels-bikers-game-engine-charani\intermediate\obj\joltphysics\debug-x64\groupfiltertable.obj
d:\csc\groupengine1.0\rafaels-bikers-game-engine-charani\intermediate\obj\joltphysics\debug-x64\decoratedshape.obj
d:\csc\groupengine1.0\rafaels-bikers-game-engine-charani\intermediate\obj\joltphysics\debug-x64\fixedconstraint.obj
d:\csc\groupengine1.0\rafaels-bikers-game-engine-charani\intermediate\obj\joltphysics\debug-x64\softbodyshape.obj
d:\csc\groupengine1.0\rafaels-bikers-game-engine-charani\intermediate\obj\joltphysics\debug-x64\skeleton.obj
d:\csc\groupengine1.0\rafaels-bikers-game-engine-charani\intermediate\obj\joltphysics\debug-x64\jobsystemwithbarrier.obj
d:\csc\groupengine1.0\rafaels-bikers-game-engine-charani\intermediate\obj\joltphysics\debug-x64\objectstreambinaryin.obj
d:\csc\groupengine1.0\rafaels-bikers-game-engine-charani\intermediate\obj\joltphysics\debug-x64\broadphase.obj
d:\csc\groupengine1.0\rafaels-bikers-game-engine-charani\intermediate\obj\joltphysics\debug-x64\convexshape.obj
d:\csc\groupengine1.0\rafaels-bikers-game-engine-charani\intermediate\obj\joltphysics\debug-x64\pathconstraintpathhermite.obj
d:\csc\groupengine1.0\rafaels-bikers-game-engine-charani\intermediate\obj\joltphysics\debug-x64\staterecorderimpl.obj
d:\csc\groupengine1.0\rafaels-bikers-game-engine-charani\intermediate\obj\joltphysics\debug-x64\hairwrapper.obj
d:\csc\groupengine1.0\rafaels-bikers-game-engine-charani\intermediate\bin\debug-x64\joltphysics\joltphysics.pdb
d:\csc\groupengine1.0\rafaels-bikers-game-engine-charani\intermediate\bin\debug-x64\joltphysics\joltphysics.lib
d:\csc\groupengine1.0\rafaels-bikers-game-engine-charani\intermediate\projects\..\bin\debug-x64\joltphysics\joltphysics.pdb
d:\csc\groupengine1.0\rafaels-bikers-game-engine-charani\intermediate\projects\..\obj\joltphysics\debug-x64\joltphysics.vcxproj.filelistabsolute.txt
d:\csc\groupengine1.0\rafaels-bikers-game-engine-charani\intermediate\obj\joltphysics\debug-x64\joltphysics.tlog\cl.14220.write.1.tlog
d:\csc\groupengine1.0\rafaels-bikers-game-engine-charani\intermediate\obj\joltphysics\debug-x64\joltphysics.tlog\cl.command.1.tlog
d:\csc\groupengine1.0\rafaels-bikers-game-engine-charani\intermediate\obj\joltphysics\debug-x64\joltphysics.tlog\cl.items.tlog
d:\csc\groupengine1.0\rafaels-bikers-game-engine-charani\intermediate\obj\joltphysics\debug-x64\joltphysics.tlog\cl.read.1.tlog
d:\csc\groupengine1.0\rafaels-bikers-game-engine-charani\intermediate\obj\joltphysics\debug-x64\joltphysics.tlog\lib-link.read.1.tlog
d:\csc\groupengine1.0\rafaels-bikers-game-engine-charani\intermediate\obj\joltphysics\debug-x64\joltphysics.tlog\lib-link.write.1.tlog
d:\csc\groupengine1.0\rafaels-bikers-game-engine-charani\intermediate\obj\joltphysics\debug-x64\joltphysics.tlog\lib.command.1.tlog
