  Compiling shader alpha.frag...
  子目录或文件 D:\code\GroupProject\personal version\ecs-changing\Rafaels-Bikers-Game-Engine-ani\Rafaels-Bikers-Game-Engine-charANI\/Assets/Shaders/spirv 已经存在。
  处理: D:\code\GroupProject\personal version\ecs-changing\Rafaels-Bikers-Game-Engine-ani\Rafaels-Bikers-Game-Engine-charANI\/Assets/Shaders/spirv 时出错。
  Compiling shader blur.frag...
  子目录或文件 -p 已经存在。
  处理: -p 时出错。
  子目录或文件 D:\code\GroupProject\personal version\ecs-changing\Rafaels-Bikers-Game-Engine-ani\Rafaels-Bikers-Game-Engine-charANI\/Assets/Shaders/spirv 已经存在。
  处理: D:\code\GroupProject\personal version\ecs-changing\Rafaels-Bikers-Game-Engine-ani\Rafaels-Bikers-Game-Engine-charANI\/Assets/Shaders/spirv 时出错。
  Compiling shader composite.frag...
  子目录或文件 -p 已经存在。
  处理: -p 时出错。
  子目录或文件 D:\code\GroupProject\personal version\ecs-changing\Rafaels-Bikers-Game-Engine-ani\Rafaels-Bikers-Game-Engine-charANI\/Assets/Shaders/spirv 已经存在。
  处理: D:\code\GroupProject\personal version\ecs-changing\Rafaels-Bikers-Game-Engine-ani\Rafaels-Bikers-Game-Engine-charANI\/Assets/Shaders/spirv 时出错。
  Compiling shader debug.vert...
  子目录或文件 -p 已经存在。
  处理: -p 时出错。
  子目录或文件 D:\code\GroupProject\personal version\ecs-changing\Rafaels-Bikers-Game-Engine-ani\Rafaels-Bikers-Game-Engine-charANI\/Assets/Shaders/spirv 已经存在。
  处理: D:\code\GroupProject\personal version\ecs-changing\Rafaels-Bikers-Game-Engine-ani\Rafaels-Bikers-Game-Engine-charANI\/Assets/Shaders/spirv 时出错。
  Compiling shader debug_depth.frag...
  子目录或文件 -p 已经存在。
  处理: -p 时出错。
  子目录或文件 D:\code\GroupProject\personal version\ecs-changing\Rafaels-Bikers-Game-Engine-ani\Rafaels-Bikers-Game-Engine-charANI\/Assets/Shaders/spirv 已经存在。
  处理: D:\code\GroupProject\personal version\ecs-changing\Rafaels-Bikers-Game-Engine-ani\Rafaels-Bikers-Game-Engine-charANI\/Assets/Shaders/spirv 时出错。
  Compiling shader debug_deriv.frag...
  子目录或文件 -p 已经存在。
  处理: -p 时出错。
  子目录或文件 D:\code\GroupProject\personal version\ecs-changing\Rafaels-Bikers-Game-Engine-ani\Rafaels-Bikers-Game-Engine-charANI\/Assets/Shaders/spirv 已经存在。
  处理: D:\code\GroupProject\personal version\ecs-changing\Rafaels-Bikers-Game-Engine-ani\Rafaels-Bikers-Game-Engine-charANI\/Assets/Shaders/spirv 时出错。
  Compiling shader debug_line.frag...
  子目录或文件 -p 已经存在。
  处理: -p 时出错。
  子目录或文件 D:\code\GroupProject\personal version\ecs-changing\Rafaels-Bikers-Game-Engine-ani\Rafaels-Bikers-Game-Engine-charANI\/Assets/Shaders/spirv 已经存在。
  处理: D:\code\GroupProject\personal version\ecs-changing\Rafaels-Bikers-Game-Engine-ani\Rafaels-Bikers-Game-Engine-charANI\/Assets/Shaders/spirv 时出错。
  Compiling shader debug_line.vert...
  子目录或文件 -p 已经存在。
  处理: -p 时出错。
  子目录或文件 D:\code\GroupProject\personal version\ecs-changing\Rafaels-Bikers-Game-Engine-ani\Rafaels-Bikers-Game-Engine-charANI\/Assets/Shaders/spirv 已经存在。
  处理: D:\code\GroupProject\personal version\ecs-changing\Rafaels-Bikers-Game-Engine-ani\Rafaels-Bikers-Game-Engine-charANI\/Assets/Shaders/spirv 时出错。
  Compiling shader debug_mip.frag...
  子目录或文件 -p 已经存在。
  处理: -p 时出错。
  子目录或文件 D:\code\GroupProject\personal version\ecs-changing\Rafaels-Bikers-Game-Engine-ani\Rafaels-Bikers-Game-Engine-charANI\/Assets/Shaders/spirv 已经存在。
  处理: D:\code\GroupProject\personal version\ecs-changing\Rafaels-Bikers-Game-Engine-ani\Rafaels-Bikers-Game-Engine-charANI\/Assets/Shaders/spirv 时出错。
  Compiling shader default.frag...
  子目录或文件 -p 已经存在。
  处理: -p 时出错。
  子目录或文件 D:\code\GroupProject\personal version\ecs-changing\Rafaels-Bikers-Game-Engine-ani\Rafaels-Bikers-Game-Engine-charANI\/Assets/Shaders/spirv 已经存在。
  处理: D:\code\GroupProject\personal version\ecs-changing\Rafaels-Bikers-Game-Engine-ani\Rafaels-Bikers-Game-Engine-charANI\/Assets/Shaders/spirv 时出错。
  Compiling shader default.vert...
  子目录或文件 -p 已经存在。
  处理: -p 时出错。
  子目录或文件 D:\code\GroupProject\personal version\ecs-changing\Rafaels-Bikers-Game-Engine-ani\Rafaels-Bikers-Game-Engine-charANI\/Assets/Shaders/spirv 已经存在。
  处理: D:\code\GroupProject\personal version\ecs-changing\Rafaels-Bikers-Game-Engine-ani\Rafaels-Bikers-Game-Engine-charANI\/Assets/Shaders/spirv 时出错。
  Compiling shader fullscreen.frag...
  子目录或文件 -p 已经存在。
  处理: -p 时出错。
  子目录或文件 D:\code\GroupProject\personal version\ecs-changing\Rafaels-Bikers-Game-Engine-ani\Rafaels-Bikers-Game-Engine-charANI\/Assets/Shaders/spirv 已经存在。
  处理: D:\code\GroupProject\personal version\ecs-changing\Rafaels-Bikers-Game-Engine-ani\Rafaels-Bikers-Game-Engine-charANI\/Assets/Shaders/spirv 时出错。
  Compiling shader fullscreen.vert...
  子目录或文件 -p 已经存在。
  处理: -p 时出错。
  子目录或文件 D:\code\GroupProject\personal version\ecs-changing\Rafaels-Bikers-Game-Engine-ani\Rafaels-Bikers-Game-Engine-charANI\/Assets/Shaders/spirv 已经存在。
  处理: D:\code\GroupProject\personal version\ecs-changing\Rafaels-Bikers-Game-Engine-ani\Rafaels-Bikers-Game-Engine-charANI\/Assets/Shaders/spirv 时出错。
  Compiling shader overdraw.frag...
  子目录或文件 -p 已经存在。
  处理: -p 时出错。
  子目录或文件 D:\code\GroupProject\personal version\ecs-changing\Rafaels-Bikers-Game-Engine-ani\Rafaels-Bikers-Game-Engine-charANI\/Assets/Shaders/spirv 已经存在。
  处理: D:\code\GroupProject\personal version\ecs-changing\Rafaels-Bikers-Game-Engine-ani\Rafaels-Bikers-Game-Engine-charANI\/Assets/Shaders/spirv 时出错。
  Compiling shader particles.frag...
  子目录或文件 -p 已经存在。
  处理: -p 时出错。
  子目录或文件 D:\code\GroupProject\personal version\ecs-changing\Rafaels-Bikers-Game-Engine-ani\Rafaels-Bikers-Game-Engine-charANI\/Assets/Shaders/spirv 已经存在。
  处理: D:\code\GroupProject\personal version\ecs-changing\Rafaels-Bikers-Game-Engine-ani\Rafaels-Bikers-Game-Engine-charANI\/Assets/Shaders/spirv 时出错。
  Compiling shader particles.vert...
  子目录或文件 -p 已经存在。
  处理: -p 时出错。
  子目录或文件 D:\code\GroupProject\personal version\ecs-changing\Rafaels-Bikers-Game-Engine-ani\Rafaels-Bikers-Game-Engine-charANI\/Assets/Shaders/spirv 已经存在。
  处理: D:\code\GroupProject\personal version\ecs-changing\Rafaels-Bikers-Game-Engine-ani\Rafaels-Bikers-Game-Engine-charANI\/Assets/Shaders/spirv 时出错。
  Compiling shader passthrough.frag...
  子目录或文件 -p 已经存在。
  处理: -p 时出错。
  子目录或文件 D:\code\GroupProject\personal version\ecs-changing\Rafaels-Bikers-Game-Engine-ani\Rafaels-Bikers-Game-Engine-charANI\/Assets/Shaders/spirv 已经存在。
  处理: D:\code\GroupProject\personal version\ecs-changing\Rafaels-Bikers-Game-Engine-ani\Rafaels-Bikers-Game-Engine-charANI\/Assets/Shaders/spirv 时出错。
  Compiling shader shadowmap.frag...
  子目录或文件 -p 已经存在。
  处理: -p 时出错。
  子目录或文件 D:\code\GroupProject\personal version\ecs-changing\Rafaels-Bikers-Game-Engine-ani\Rafaels-Bikers-Game-Engine-charANI\/Assets/Shaders/spirv 已经存在。
  处理: D:\code\GroupProject\personal version\ecs-changing\Rafaels-Bikers-Game-Engine-ani\Rafaels-Bikers-Game-Engine-charANI\/Assets/Shaders/spirv 时出错。
  Compiling shader shadowmap.vert...
  子目录或文件 -p 已经存在。
  处理: -p 时出错。
  子目录或文件 D:\code\GroupProject\personal version\ecs-changing\Rafaels-Bikers-Game-Engine-ani\Rafaels-Bikers-Game-Engine-charANI\/Assets/Shaders/spirv 已经存在。
  处理: D:\code\GroupProject\personal version\ecs-changing\Rafaels-Bikers-Game-Engine-ani\Rafaels-Bikers-Game-Engine-charANI\/Assets/Shaders/spirv 时出错。
  Compiling shader skinned.vert...
  子目录或文件 -p 已经存在。
  处理: -p 时出错。
  子目录或文件 D:\code\GroupProject\personal version\ecs-changing\Rafaels-Bikers-Game-Engine-ani\Rafaels-Bikers-Game-Engine-charANI\/Assets/Shaders/spirv 已经存在。
  处理: D:\code\GroupProject\personal version\ecs-changing\Rafaels-Bikers-Game-Engine-ani\Rafaels-Bikers-Game-Engine-charANI\/Assets/Shaders/spirv 时出错。
  Compiling shader speed_postprocess.frag...
  子目录或文件 -p 已经存在。
  处理: -p 时出错。
  子目录或文件 D:\code\GroupProject\personal version\ecs-changing\Rafaels-Bikers-Game-Engine-ani\Rafaels-Bikers-Game-Engine-charANI\/Assets/Shaders/spirv 已经存在。
  处理: D:\code\GroupProject\personal version\ecs-changing\Rafaels-Bikers-Game-Engine-ani\Rafaels-Bikers-Game-Engine-charANI\/Assets/Shaders/spirv 时出错。
