d:\csc\groupengine1.0\rafaels-bikers-game-engine-charani\assets\shaders\spirv\alpha.frag.spv
d:\csc\groupengine1.0\rafaels-bikers-game-engine-charani\assets\shaders\spirv\blur.frag.spv
d:\csc\groupengine1.0\rafaels-bikers-game-engine-charani\assets\shaders\spirv\composite.frag.spv
d:\csc\groupengine1.0\rafaels-bikers-game-engine-charani\assets\shaders\spirv\debug.vert.spv
d:\csc\groupengine1.0\rafaels-bikers-game-engine-charani\assets\shaders\spirv\debug_depth.frag.spv
d:\csc\groupengine1.0\rafaels-bikers-game-engine-charani\assets\shaders\spirv\debug_deriv.frag.spv
d:\csc\groupengine1.0\rafaels-bikers-game-engine-charani\assets\shaders\spirv\debug_line.frag.spv
d:\csc\groupengine1.0\rafaels-bikers-game-engine-charani\assets\shaders\spirv\debug_line.vert.spv
d:\csc\groupengine1.0\rafaels-bikers-game-engine-charani\assets\shaders\spirv\debug_mip.frag.spv
d:\csc\groupengine1.0\rafaels-bikers-game-engine-charani\assets\shaders\spirv\default.frag.spv
d:\csc\groupengine1.0\rafaels-bikers-game-engine-charani\assets\shaders\spirv\default.vert.spv
d:\csc\groupengine1.0\rafaels-bikers-game-engine-charani\assets\shaders\spirv\fullscreen.frag.spv
d:\csc\groupengine1.0\rafaels-bikers-game-engine-charani\assets\shaders\spirv\fullscreen.vert.spv
d:\csc\groupengine1.0\rafaels-bikers-game-engine-charani\assets\shaders\spirv\overdraw.frag.spv
d:\csc\groupengine1.0\rafaels-bikers-game-engine-charani\assets\shaders\spirv\particles.frag.spv
d:\csc\groupengine1.0\rafaels-bikers-game-engine-charani\assets\shaders\spirv\particles.vert.spv
d:\csc\groupengine1.0\rafaels-bikers-game-engine-charani\assets\shaders\spirv\passthrough.frag.spv
d:\csc\groupengine1.0\rafaels-bikers-game-engine-charani\assets\shaders\spirv\shadowmap.frag.spv
d:\csc\groupengine1.0\rafaels-bikers-game-engine-charani\assets\shaders\spirv\shadowmap.vert.spv
d:\csc\groupengine1.0\rafaels-bikers-game-engine-charani\assets\shaders\spirv\skinned.vert.spv
d:\csc\groupengine1.0\rafaels-bikers-game-engine-charani\assets\shaders\spirv\speed_postprocess.frag.spv
d:\csc\groupengine1.0\rafaels-bikers-game-engine-charani\intermediate\projects\..\obj\shaders\debug-x64\shaders.vcxproj.filelistabsolute.txt
d:\csc\groupengine1.0\rafaels-bikers-game-engine-charani\intermediate\obj\shaders\debug-x64\shaders.tlog\custombuild.command.1.tlog
d:\csc\groupengine1.0\rafaels-bikers-game-engine-charani\intermediate\obj\shaders\debug-x64\shaders.tlog\custombuild.read.1.tlog
d:\csc\groupengine1.0\rafaels-bikers-game-engine-charani\intermediate\obj\shaders\debug-x64\shaders.tlog\custombuild.write.1.tlog
