d:\csc\groupengine1.0\rafaels-bikers-game-engine-charani\intermediate\obj\glfw\debug-x64\context.obj
d:\csc\groupengine1.0\rafaels-bikers-game-engine-charani\intermediate\obj\glfw\debug-x64\egl_context.obj
d:\csc\groupengine1.0\rafaels-bikers-game-engine-charani\intermediate\obj\glfw\debug-x64\init.obj
d:\csc\groupengine1.0\rafaels-bikers-game-engine-charani\intermediate\obj\glfw\debug-x64\input.obj
d:\csc\groupengine1.0\rafaels-bikers-game-engine-charani\intermediate\obj\glfw\debug-x64\null_init.obj
d:\csc\groupengine1.0\rafaels-bikers-game-engine-charani\intermediate\obj\glfw\debug-x64\monitor.obj
d:\csc\groupengine1.0\rafaels-bikers-game-engine-charani\intermediate\obj\glfw\debug-x64\null_joystick.obj
d:\csc\groupengine1.0\rafaels-bikers-game-engine-charani\intermediate\obj\glfw\debug-x64\null_monitor.obj
d:\csc\groupengine1.0\rafaels-bikers-game-engine-charani\intermediate\obj\glfw\debug-x64\null_window.obj
d:\csc\groupengine1.0\rafaels-bikers-game-engine-charani\intermediate\obj\glfw\debug-x64\osmesa_context.obj
d:\csc\groupengine1.0\rafaels-bikers-game-engine-charani\intermediate\obj\glfw\debug-x64\platform.obj
d:\csc\groupengine1.0\rafaels-bikers-game-engine-charani\intermediate\obj\glfw\debug-x64\vulkan.obj
d:\csc\groupengine1.0\rafaels-bikers-game-engine-charani\intermediate\obj\glfw\debug-x64\wgl_context.obj
d:\csc\groupengine1.0\rafaels-bikers-game-engine-charani\intermediate\obj\glfw\debug-x64\win32_init.obj
d:\csc\groupengine1.0\rafaels-bikers-game-engine-charani\intermediate\obj\glfw\debug-x64\win32_joystick.obj
d:\csc\groupengine1.0\rafaels-bikers-game-engine-charani\intermediate\obj\glfw\debug-x64\win32_module.obj
d:\csc\groupengine1.0\rafaels-bikers-game-engine-charani\intermediate\obj\glfw\debug-x64\win32_monitor.obj
d:\csc\groupengine1.0\rafaels-bikers-game-engine-charani\intermediate\obj\glfw\debug-x64\win32_time.obj
d:\csc\groupengine1.0\rafaels-bikers-game-engine-charani\intermediate\obj\glfw\debug-x64\win32_thread.obj
d:\csc\groupengine1.0\rafaels-bikers-game-engine-charani\intermediate\obj\glfw\debug-x64\win32_window.obj
d:\csc\groupengine1.0\rafaels-bikers-game-engine-charani\intermediate\obj\glfw\debug-x64\window.obj
d:\csc\groupengine1.0\rafaels-bikers-game-engine-charani\intermediate\bin\debug-x64\glfw\glfw.pdb
d:\csc\groupengine1.0\rafaels-bikers-game-engine-charani\intermediate\bin\debug-x64\glfw\glfw.lib
d:\csc\groupengine1.0\rafaels-bikers-game-engine-charani\intermediate\projects\..\bin\debug-x64\glfw\glfw.pdb
d:\csc\groupengine1.0\rafaels-bikers-game-engine-charani\intermediate\projects\..\obj\glfw\debug-x64\glfw.vcxproj.filelistabsolute.txt
d:\csc\groupengine1.0\rafaels-bikers-game-engine-charani\intermediate\obj\glfw\debug-x64\glfw.tlog\cl.44868.write.1.tlog
d:\csc\groupengine1.0\rafaels-bikers-game-engine-charani\intermediate\obj\glfw\debug-x64\glfw.tlog\cl.command.1.tlog
d:\csc\groupengine1.0\rafaels-bikers-game-engine-charani\intermediate\obj\glfw\debug-x64\glfw.tlog\cl.items.tlog
d:\csc\groupengine1.0\rafaels-bikers-game-engine-charani\intermediate\obj\glfw\debug-x64\glfw.tlog\cl.read.1.tlog
d:\csc\groupengine1.0\rafaels-bikers-game-engine-charani\intermediate\obj\glfw\debug-x64\glfw.tlog\lib-link.read.1.tlog
d:\csc\groupengine1.0\rafaels-bikers-game-engine-charani\intermediate\obj\glfw\debug-x64\glfw.tlog\lib-link.write.1.tlog
d:\csc\groupengine1.0\rafaels-bikers-game-engine-charani\intermediate\obj\glfw\debug-x64\glfw.tlog\lib.command.1.tlog
