d:\csc\groupengine1.0\rafaels-bikers-game-engine-charani\intermediate\obj\ozzanimation\debug-x64\local_to_model_job.obj
d:\csc\groupengine1.0\rafaels-bikers-game-engine-charani\intermediate\obj\ozzanimation\debug-x64\string_archive.obj
d:\csc\groupengine1.0\rafaels-bikers-game-engine-charani\intermediate\obj\ozzanimation\debug-x64\animation.obj
d:\csc\groupengine1.0\rafaels-bikers-game-engine-charani\intermediate\obj\ozzanimation\debug-x64\skeleton.obj
d:\csc\groupengine1.0\rafaels-bikers-game-engine-charani\intermediate\obj\ozzanimation\debug-x64\motion_blending_job.obj
d:\csc\groupengine1.0\rafaels-bikers-game-engine-charani\intermediate\obj\ozzanimation\debug-x64\math_archive.obj
d:\csc\groupengine1.0\rafaels-bikers-game-engine-charani\intermediate\obj\ozzanimation\debug-x64\box.obj
d:\csc\groupengine1.0\rafaels-bikers-game-engine-charani\intermediate\obj\ozzanimation\debug-x64\animation_utils.obj
d:\csc\groupengine1.0\rafaels-bikers-game-engine-charani\intermediate\obj\ozzanimation\debug-x64\allocator.obj
d:\csc\groupengine1.0\rafaels-bikers-game-engine-charani\intermediate\obj\ozzanimation\debug-x64\simd_math_archive.obj
d:\csc\groupengine1.0\rafaels-bikers-game-engine-charani\intermediate\obj\ozzanimation\debug-x64\log.obj
d:\csc\groupengine1.0\rafaels-bikers-game-engine-charani\intermediate\obj\ozzanimation\debug-x64\simd_math.obj
d:\csc\groupengine1.0\rafaels-bikers-game-engine-charani\intermediate\obj\ozzanimation\debug-x64\ik_aim_job.obj
d:\csc\groupengine1.0\rafaels-bikers-game-engine-charani\intermediate\obj\ozzanimation\debug-x64\track.obj
d:\csc\groupengine1.0\rafaels-bikers-game-engine-charani\intermediate\obj\ozzanimation\debug-x64\platform.obj
d:\csc\groupengine1.0\rafaels-bikers-game-engine-charani\intermediate\obj\ozzanimation\debug-x64\blending_job.obj
d:\csc\groupengine1.0\rafaels-bikers-game-engine-charani\intermediate\obj\ozzanimation\debug-x64\sampling_job.obj
d:\csc\groupengine1.0\rafaels-bikers-game-engine-charani\intermediate\obj\ozzanimation\debug-x64\group_varint.obj
d:\csc\groupengine1.0\rafaels-bikers-game-engine-charani\intermediate\obj\ozzanimation\debug-x64\skinning_job.obj
d:\csc\groupengine1.0\rafaels-bikers-game-engine-charani\intermediate\obj\ozzanimation\debug-x64\track_triggering_job.obj
d:\csc\groupengine1.0\rafaels-bikers-game-engine-charani\intermediate\obj\ozzanimation\debug-x64\ik_two_bone_job.obj
d:\csc\groupengine1.0\rafaels-bikers-game-engine-charani\intermediate\obj\ozzanimation\debug-x64\stream.obj
d:\csc\groupengine1.0\rafaels-bikers-game-engine-charani\intermediate\obj\ozzanimation\debug-x64\skeleton_utils.obj
d:\csc\groupengine1.0\rafaels-bikers-game-engine-charani\intermediate\obj\ozzanimation\debug-x64\track_sampling_job.obj
d:\csc\groupengine1.0\rafaels-bikers-game-engine-charani\intermediate\obj\ozzanimation\debug-x64\soa_math_archive.obj
d:\csc\groupengine1.0\rafaels-bikers-game-engine-charani\intermediate\obj\ozzanimation\debug-x64\archive.obj
d:\csc\groupengine1.0\rafaels-bikers-game-engine-charani\intermediate\bin\debug-x64\ozzanimation\ozzanimation.pdb
d:\csc\groupengine1.0\rafaels-bikers-game-engine-charani\intermediate\bin\debug-x64\ozzanimation\ozzanimation.lib
d:\csc\groupengine1.0\rafaels-bikers-game-engine-charani\intermediate\projects\..\bin\debug-x64\ozzanimation\ozzanimation.pdb
d:\csc\groupengine1.0\rafaels-bikers-game-engine-charani\intermediate\projects\..\obj\ozzanimation\debug-x64\ozzanimation.vcxproj.filelistabsolute.txt
d:\csc\groupengine1.0\rafaels-bikers-game-engine-charani\intermediate\obj\ozzanimation\debug-x64\ozzanimation.tlog\cl.10020.write.1.tlog
d:\csc\groupengine1.0\rafaels-bikers-game-engine-charani\intermediate\obj\ozzanimation\debug-x64\ozzanimation.tlog\cl.command.1.tlog
d:\csc\groupengine1.0\rafaels-bikers-game-engine-charani\intermediate\obj\ozzanimation\debug-x64\ozzanimation.tlog\cl.items.tlog
d:\csc\groupengine1.0\rafaels-bikers-game-engine-charani\intermediate\obj\ozzanimation\debug-x64\ozzanimation.tlog\cl.read.1.tlog
d:\csc\groupengine1.0\rafaels-bikers-game-engine-charani\intermediate\obj\ozzanimation\debug-x64\ozzanimation.tlog\lib-link.read.1.tlog
d:\csc\groupengine1.0\rafaels-bikers-game-engine-charani\intermediate\obj\ozzanimation\debug-x64\ozzanimation.tlog\lib-link.write.1.tlog
d:\csc\groupengine1.0\rafaels-bikers-game-engine-charani\intermediate\obj\ozzanimation\debug-x64\ozzanimation.tlog\lib.command.1.tlog
