d:\csc\groupengine1.0\rafaels-bikers-game-engine-charani\intermediate\obj\engine\debug-x64\animationsystem.obj
d:\csc\groupengine1.0\rafaels-bikers-game-engine-charani\intermediate\obj\engine\debug-x64\camera.obj
d:\csc\groupengine1.0\rafaels-bikers-game-engine-charani\intermediate\obj\engine\debug-x64\imguizmo.obj
d:\csc\groupengine1.0\rafaels-bikers-game-engine-charani\intermediate\obj\engine\debug-x64\main.obj
d:\csc\groupengine1.0\rafaels-bikers-game-engine-charani\intermediate\obj\engine\debug-x64\context_helpers.obj
d:\csc\groupengine1.0\rafaels-bikers-game-engine-charani\intermediate\obj\engine\debug-x64\vk_mem_alloc.obj
d:\csc\groupengine1.0\rafaels-bikers-game-engine-charani\intermediate\obj\engine\debug-x64\to_string.obj
d:\csc\groupengine1.0\rafaels-bikers-game-engine-charani\intermediate\obj\engine\debug-x64\textures.obj
d:\csc\groupengine1.0\rafaels-bikers-game-engine-charani\intermediate\obj\engine\debug-x64\mousepicker.obj
d:\csc\groupengine1.0\rafaels-bikers-game-engine-charani\intermediate\obj\engine\debug-x64\application.obj
d:\csc\groupengine1.0\rafaels-bikers-game-engine-charani\intermediate\obj\engine\debug-x64\vkbuffer.obj
d:\csc\groupengine1.0\rafaels-bikers-game-engine-charani\intermediate\obj\engine\debug-x64\inputsystem.obj
d:\csc\groupengine1.0\rafaels-bikers-game-engine-charani\intermediate\obj\engine\debug-x64\engine_model.obj
d:\csc\groupengine1.0\rafaels-bikers-game-engine-charani\intermediate\obj\engine\debug-x64\setup.obj
d:\csc\groupengine1.0\rafaels-bikers-game-engine-charani\intermediate\obj\engine\debug-x64\light.obj
d:\csc\groupengine1.0\rafaels-bikers-game-engine-charani\intermediate\obj\engine\debug-x64\vulkan_context.obj
d:\csc\groupengine1.0\rafaels-bikers-game-engine-charani\intermediate\obj\engine\debug-x64\bikecontroller.obj
d:\csc\groupengine1.0\rafaels-bikers-game-engine-charani\intermediate\obj\engine\debug-x64\debugrenderer.obj
d:\csc\groupengine1.0\rafaels-bikers-game-engine-charani\intermediate\obj\engine\debug-x64\physicssystem.obj
d:\csc\groupengine1.0\rafaels-bikers-game-engine-charani\intermediate\obj\engine\debug-x64\eventsystem.obj
d:\csc\groupengine1.0\rafaels-bikers-game-engine-charani\intermediate\obj\engine\debug-x64\vkobject.obj
d:\csc\groupengine1.0\rafaels-bikers-game-engine-charani\intermediate\obj\engine\debug-x64\vulkan_window.obj
d:\csc\groupengine1.0\rafaels-bikers-game-engine-charani\intermediate\obj\engine\debug-x64\physicsdebugdraw.obj
d:\csc\groupengine1.0\rafaels-bikers-game-engine-charani\intermediate\obj\engine\debug-x64\particlesystem.obj
d:\csc\groupengine1.0\rafaels-bikers-game-engine-charani\intermediate\obj\engine\debug-x64\ui.obj
d:\csc\groupengine1.0\rafaels-bikers-game-engine-charani\intermediate\obj\engine\debug-x64\allocator.obj
d:\csc\groupengine1.0\rafaels-bikers-game-engine-charani\intermediate\obj\engine\debug-x64\tgen.obj
d:\csc\groupengine1.0\rafaels-bikers-game-engine-charani\intermediate\obj\engine\debug-x64\vkimage.obj
d:\csc\groupengine1.0\rafaels-bikers-game-engine-charani\intermediate\obj\engine\debug-x64\error.obj
d:\csc\groupengine1.0\rafaels-bikers-game-engine-charani\intermediate\obj\engine\debug-x64\scenemanager.obj
d:\csc\groupengine1.0\rafaels-bikers-game-engine-charani\intermediate\obj\engine\debug-x64\commands.obj
d:\csc\groupengine1.0\rafaels-bikers-game-engine-charani\intermediate\obj\engine\debug-x64\engineui.obj
d:\csc\groupengine1.0\rafaels-bikers-game-engine-charani\intermediate\obj\engine\debug-x64\descriptors.obj
d:\csc\groupengine1.0\rafaels-bikers-game-engine-charani\intermediate\obj\engine\debug-x64\switchlanguage.obj
d:\csc\groupengine1.0\rafaels-bikers-game-engine-charani\intermediate\obj\engine\debug-x64\synch.obj
d:\csc\groupengine1.0\rafaels-bikers-game-engine-charani\intermediate\obj\engine\debug-x64\rendersystem_thumbnail.obj
d:\csc\groupengine1.0\rafaels-bikers-game-engine-charani\intermediate\obj\engine\debug-x64\load.obj
d:\csc\groupengine1.0\rafaels-bikers-game-engine-charani\intermediate\obj\engine\debug-x64\trigger.obj
d:\csc\groupengine1.0\rafaels-bikers-game-engine-charani\intermediate\obj\engine\debug-x64\rendering.obj
d:\csc\groupengine1.0\rafaels-bikers-game-engine-charani\intermediate\obj\engine\debug-x64\flecs.obj
d:\csc\groupengine1.0\rafaels-bikers-game-engine-charani\intermediate\obj\engine\debug-x64\error_private.obj
d:\csc\groupengine1.0\rafaels-bikers-game-engine-charani\intermediate\obj\engine\debug-x64\huf_decompress.obj
d:\csc\groupengine1.0\rafaels-bikers-game-engine-charani\intermediate\obj\engine\debug-x64\threading.obj
d:\csc\groupengine1.0\rafaels-bikers-game-engine-charani\intermediate\obj\engine\debug-x64\fse_decompress.obj
d:\csc\groupengine1.0\rafaels-bikers-game-engine-charani\intermediate\obj\engine\debug-x64\volk.obj
d:\csc\groupengine1.0\rafaels-bikers-game-engine-charani\intermediate\obj\engine\debug-x64\pool.obj
d:\csc\groupengine1.0\rafaels-bikers-game-engine-charani\intermediate\obj\engine\debug-x64\zstd_decompress.obj
d:\csc\groupengine1.0\rafaels-bikers-game-engine-charani\intermediate\obj\engine\debug-x64\entropy_common.obj
d:\csc\groupengine1.0\rafaels-bikers-game-engine-charani\intermediate\obj\engine\debug-x64\zstd_decompress_block.obj
d:\csc\groupengine1.0\rafaels-bikers-game-engine-charani\intermediate\obj\engine\debug-x64\zstd_ddict.obj
d:\csc\groupengine1.0\rafaels-bikers-game-engine-charani\intermediate\obj\engine\debug-x64\xxhash.obj
d:\csc\groupengine1.0\rafaels-bikers-game-engine-charani\intermediate\obj\engine\debug-x64\zstd_common.obj
d:\csc\groupengine1.0\rafaels-bikers-game-engine-charani\intermediate\obj\engine\debug-x64\debug.obj
d:\csc\groupengine1.0\rafaels-bikers-game-engine-charani\intermediate\obj\engine\debug-x64\vc143.pdb
d:\csc\groupengine1.0\rafaels-bikers-game-engine-charani\intermediate\obj\engine\debug-x64\testscene.obj
d:\csc\groupengine1.0\rafaels-bikers-game-engine-charani\intermediate\obj\engine\debug-x64\vc143.idb
d:\csc\groupengine1.0\rafaels-bikers-game-engine-charani\intermediate\projects\..\..\bin\engine.pdb
d:\csc\groupengine1.0\rafaels-bikers-game-engine-charani\intermediate\projects\..\obj\engine\debug-x64\engine.vcxproj.filelistabsolute.txt
d:\csc\groupengine1.0\rafaels-bikers-game-engine-charani\intermediate\obj\engine\debug-x64\engine.tlog\cl.command.1.tlog
d:\csc\groupengine1.0\rafaels-bikers-game-engine-charani\intermediate\obj\engine\debug-x64\engine.tlog\cl.read.1.tlog
d:\csc\groupengine1.0\rafaels-bikers-game-engine-charani\intermediate\obj\engine\debug-x64\engine.tlog\cl.write.1.tlog
d:\csc\groupengine1.0\rafaels-bikers-game-engine-charani\intermediate\obj\engine\debug-x64\engine.tlog\link-cvtres.read.1.tlog
d:\csc\groupengine1.0\rafaels-bikers-game-engine-charani\intermediate\obj\engine\debug-x64\engine.tlog\link-cvtres.write.1.tlog
d:\csc\groupengine1.0\rafaels-bikers-game-engine-charani\intermediate\obj\engine\debug-x64\engine.tlog\link-rc.read.1.tlog
d:\csc\groupengine1.0\rafaels-bikers-game-engine-charani\intermediate\obj\engine\debug-x64\engine.tlog\link-rc.write.1.tlog
d:\csc\groupengine1.0\rafaels-bikers-game-engine-charani\intermediate\obj\engine\debug-x64\engine.tlog\link.command.1.tlog
d:\csc\groupengine1.0\rafaels-bikers-game-engine-charani\intermediate\obj\engine\debug-x64\engine.tlog\link.read.1.tlog
d:\csc\groupengine1.0\rafaels-bikers-game-engine-charani\intermediate\obj\engine\debug-x64\engine.tlog\link.read.2.tlog
d:\csc\groupengine1.0\rafaels-bikers-game-engine-charani\intermediate\obj\engine\debug-x64\engine.tlog\link.read.3.tlog
d:\csc\groupengine1.0\rafaels-bikers-game-engine-charani\intermediate\obj\engine\debug-x64\engine.tlog\link.read.4.tlog
d:\csc\groupengine1.0\rafaels-bikers-game-engine-charani\intermediate\obj\engine\debug-x64\engine.tlog\link.read.5.tlog
d:\csc\groupengine1.0\rafaels-bikers-game-engine-charani\intermediate\obj\engine\debug-x64\engine.tlog\link.read.6.tlog
d:\csc\groupengine1.0\rafaels-bikers-game-engine-charani\intermediate\obj\engine\debug-x64\engine.tlog\link.write.1.tlog
